  Application.cpp
  ResourceManagers.cpp
  Animation2D.cpp
E:\LEAP2021_Bahamut\TrainingFramework\src\GameObject\Animation2D.cpp(176,11): warning C4244: 'initializing': conversion from 'double' to 'float', possible loss of data
E:\LEAP2021_Bahamut\TrainingFramework\src\GameObject\Animation2D.cpp(177,11): warning C4244: 'initializing': conversion from 'double' to 'float', possible loss of data
E:\LEAP2021_Bahamut\TrainingFramework\src\GameObject\Animation2D.cpp(187,11): warning C4244: 'initializing': conversion from 'double' to 'float', possible loss of data
E:\LEAP2021_Bahamut\TrainingFramework\src\GameObject\Animation2D.cpp(188,11): warning C4244: 'initializing': conversion from 'double' to 'float', possible loss of data
  BossEnemy.cpp
E:\LEAP2021_Bahamut\TrainingFramework\src\GameObject\BossEnemy.cpp(126,38): warning C4244: 'argument': conversion from 'GLint' to 'GLfloat', possible loss of data
E:\LEAP2021_Bahamut\TrainingFramework\src\GameObject\BossEnemy.cpp(126,35): warning C4244: 'argument': conversion from 'GLint' to 'GLfloat', possible loss of data
C:\Program Files (x86)\Microsoft Visual Studio\2019\Community\VC\Tools\MSVC\14.28.29333\include\xmemory(230,33): warning C4244: 'argument': conversion from 'float' to 'int', possible loss of data
C:\Program Files (x86)\Microsoft Visual Studio\2019\Community\VC\Tools\MSVC\14.28.29333\include\memory(1564): message : see reference to function template instantiation 'void std::_Construct_in_place<_Ty,std::shared_ptr<Models>&,std::shared_ptr<Shaders>&,std::shared_ptr<Texture>&,float&,float&,float&,float&,float,const char(&)[15]>(_Ty &,std::shared_ptr<Models> &,std::shared_ptr<Shaders> &,std::shared_ptr<Texture> &,float &,float &,float &,float &,float &&,const char (&)[15]) noexcept(false)' being compiled
          with
          [
              _Ty=Bullet
          ]
C:\Program Files (x86)\Microsoft Visual Studio\2019\Community\VC\Tools\MSVC\14.28.29333\include\memory(2208): message : see reference to function template instantiation 'std::_Ref_count_obj2<_Ty>::_Ref_count_obj2<std::shared_ptr<Models>&,std::shared_ptr<Shaders>&,std::shared_ptr<Texture>&,float&,float&,float&,float&,float,const char(&)[15]>(std::shared_ptr<Models> &,std::shared_ptr<Shaders> &,std::shared_ptr<Texture> &,float &,float &,float &,float &,float &&,const char (&)[15])' being compiled
          with
          [
              _Ty=Bullet
          ]
C:\Program Files (x86)\Microsoft Visual Studio\2019\Community\VC\Tools\MSVC\14.28.29333\include\memory(2208): message : see reference to function template instantiation 'std::_Ref_count_obj2<_Ty>::_Ref_count_obj2<std::shared_ptr<Models>&,std::shared_ptr<Shaders>&,std::shared_ptr<Texture>&,float&,float&,float&,float&,float,const char(&)[15]>(std::shared_ptr<Models> &,std::shared_ptr<Shaders> &,std::shared_ptr<Texture> &,float &,float &,float &,float &,float &&,const char (&)[15])' being compiled
          with
          [
              _Ty=Bullet
          ]
E:\LEAP2021_Bahamut\TrainingFramework\src\GameObject\BossEnemy.cpp(58): message : see reference to function template instantiation 'std::shared_ptr<Bullet> std::make_shared<Bullet,std::shared_ptr<Models>&,std::shared_ptr<Shaders>&,std::shared_ptr<Texture>&,float&,float&,float&,float&,float,const char(&)[15]>(std::shared_ptr<Models> &,std::shared_ptr<Shaders> &,std::shared_ptr<Texture> &,float &,float &,float &,float &,float &&,const char (&)[15])' being compiled
C:\Program Files (x86)\Microsoft Visual Studio\2019\Community\VC\Tools\MSVC\14.28.29333\include\xmemory(230,33): warning C4244: 'argument': conversion from '_Ty' to 'float', possible loss of data
          with
          [
              _Ty=int
          ]
C:\Program Files (x86)\Microsoft Visual Studio\2019\Community\VC\Tools\MSVC\14.28.29333\include\memory(1564): message : see reference to function template instantiation 'void std::_Construct_in_place<_Ty,std::shared_ptr<Models>&,std::shared_ptr<Shaders>&,std::shared_ptr<Texture>&,int,float>(_Ty &,std::shared_ptr<Models> &,std::shared_ptr<Shaders> &,std::shared_ptr<Texture> &,int &&,float &&) noexcept(false)' being compiled
          with
          [
              _Ty=Animation2D
          ]
C:\Program Files (x86)\Microsoft Visual Studio\2019\Community\VC\Tools\MSVC\14.28.29333\include\memory(2208): message : see reference to function template instantiation 'std::_Ref_count_obj2<_Ty>::_Ref_count_obj2<std::shared_ptr<Models>&,std::shared_ptr<Shaders>&,std::shared_ptr<Texture>&,int,float>(std::shared_ptr<Models> &,std::shared_ptr<Shaders> &,std::shared_ptr<Texture> &,int &&,float &&)' being compiled
          with
          [
              _Ty=Animation2D
          ]
C:\Program Files (x86)\Microsoft Visual Studio\2019\Community\VC\Tools\MSVC\14.28.29333\include\memory(2208): message : see reference to function template instantiation 'std::_Ref_count_obj2<_Ty>::_Ref_count_obj2<std::shared_ptr<Models>&,std::shared_ptr<Shaders>&,std::shared_ptr<Texture>&,int,float>(std::shared_ptr<Models> &,std::shared_ptr<Shaders> &,std::shared_ptr<Texture> &,int &&,float &&)' being compiled
          with
          [
              _Ty=Animation2D
          ]
E:\LEAP2021_Bahamut\TrainingFramework\src\GameObject\BossEnemy.cpp(124): message : see reference to function template instantiation 'std::shared_ptr<Animation2D> std::make_shared<Animation2D,std::shared_ptr<Models>&,std::shared_ptr<Shaders>&,std::shared_ptr<Texture>&,int,float>(std::shared_ptr<Models> &,std::shared_ptr<Shaders> &,std::shared_ptr<Texture> &,int &&,float &&)' being compiled
  Bullet.cpp
  Camera.cpp
  Enemy.cpp
E:\LEAP2021_Bahamut\TrainingFramework\src\GameObject\Enemy.cpp(14,9): warning C4244: '=': conversion from 'float' to 'int', possible loss of data
E:\LEAP2021_Bahamut\TrainingFramework\src\GameObject\Enemy.cpp(42,9): warning C4244: '=': conversion from 'float' to 'int', possible loss of data
E:\LEAP2021_Bahamut\TrainingFramework\src\GameObject\Enemy.cpp(57,31): warning C4244: '-=': conversion from 'GLfloat' to 'int', possible loss of data
E:\LEAP2021_Bahamut\TrainingFramework\src\GameObject\Enemy.cpp(181,28): warning C4305: 'argument': truncation from 'double' to 'float'
E:\LEAP2021_Bahamut\TrainingFramework\src\GameObject\Enemy.cpp(182,35): warning C4244: 'argument': conversion from 'GLint' to 'GLfloat', possible loss of data
E:\LEAP2021_Bahamut\TrainingFramework\src\GameObject\Enemy.cpp(182,32): warning C4244: 'argument': conversion from 'GLint' to 'GLfloat', possible loss of data
E:\LEAP2021_Bahamut\TrainingFramework\src\GameObject\Enemy.cpp(195,38): warning C4244: 'argument': conversion from 'GLint' to 'GLfloat', possible loss of data
E:\LEAP2021_Bahamut\TrainingFramework\src\GameObject\Enemy.cpp(195,35): warning C4244: 'argument': conversion from 'GLint' to 'GLfloat', possible loss of data
C:\Program Files (x86)\Microsoft Visual Studio\2019\Community\VC\Tools\MSVC\14.28.29333\include\xmemory(230,33): warning C4244: 'argument': conversion from 'float' to 'int', possible loss of data
C:\Program Files (x86)\Microsoft Visual Studio\2019\Community\VC\Tools\MSVC\14.28.29333\include\memory(1564): message : see reference to function template instantiation 'void std::_Construct_in_place<_Ty,std::shared_ptr<Models>&,std::shared_ptr<Shaders>&,std::shared_ptr<Texture>&,float&,float&,float&,float&,float,const char(&)[11]>(_Ty &,std::shared_ptr<Models> &,std::shared_ptr<Shaders> &,std::shared_ptr<Texture> &,float &,float &,float &,float &,float &&,const char (&)[11]) noexcept(false)' being compiled
          with
          [
              _Ty=Bullet
          ]
C:\Program Files (x86)\Microsoft Visual Studio\2019\Community\VC\Tools\MSVC\14.28.29333\include\memory(2208): message : see reference to function template instantiation 'std::_Ref_count_obj2<_Ty>::_Ref_count_obj2<std::shared_ptr<Models>&,std::shared_ptr<Shaders>&,std::shared_ptr<Texture>&,float&,float&,float&,float&,float,const char(&)[11]>(std::shared_ptr<Models> &,std::shared_ptr<Shaders> &,std::shared_ptr<Texture> &,float &,float &,float &,float &,float &&,const char (&)[11])' being compiled
          with
          [
              _Ty=Bullet
          ]
C:\Program Files (x86)\Microsoft Visual Studio\2019\Community\VC\Tools\MSVC\14.28.29333\include\memory(2208): message : see reference to function template instantiation 'std::_Ref_count_obj2<_Ty>::_Ref_count_obj2<std::shared_ptr<Models>&,std::shared_ptr<Shaders>&,std::shared_ptr<Texture>&,float&,float&,float&,float&,float,const char(&)[11]>(std::shared_ptr<Models> &,std::shared_ptr<Shaders> &,std::shared_ptr<Texture> &,float &,float &,float &,float &,float &&,const char (&)[11])' being compiled
          with
          [
              _Ty=Bullet
          ]
E:\LEAP2021_Bahamut\TrainingFramework\src\GameObject\Enemy.cpp(142): message : see reference to function template instantiation 'std::shared_ptr<Bullet> std::make_shared<Bullet,std::shared_ptr<Models>&,std::shared_ptr<Shaders>&,std::shared_ptr<Texture>&,float&,float&,float&,float&,float,const char(&)[11]>(std::shared_ptr<Models> &,std::shared_ptr<Shaders> &,std::shared_ptr<Texture> &,float &,float &,float &,float &,float &&,const char (&)[11])' being compiled
C:\Program Files (x86)\Microsoft Visual Studio\2019\Community\VC\Tools\MSVC\14.28.29333\include\xmemory(230,33): warning C4244: 'argument': conversion from '_Ty' to 'float', possible loss of data
          with
          [
              _Ty=int
          ]
C:\Program Files (x86)\Microsoft Visual Studio\2019\Community\VC\Tools\MSVC\14.28.29333\include\memory(1564): message : see reference to function template instantiation 'void std::_Construct_in_place<_Ty,std::shared_ptr<Models>&,std::shared_ptr<Shaders>&,std::shared_ptr<Texture>&,int,float>(_Ty &,std::shared_ptr<Models> &,std::shared_ptr<Shaders> &,std::shared_ptr<Texture> &,int &&,float &&) noexcept(false)' being compiled
          with
          [
              _Ty=Animation2D
          ]
C:\Program Files (x86)\Microsoft Visual Studio\2019\Community\VC\Tools\MSVC\14.28.29333\include\memory(2208): message : see reference to function template instantiation 'std::_Ref_count_obj2<_Ty>::_Ref_count_obj2<std::shared_ptr<Models>&,std::shared_ptr<Shaders>&,std::shared_ptr<Texture>&,int,float>(std::shared_ptr<Models> &,std::shared_ptr<Shaders> &,std::shared_ptr<Texture> &,int &&,float &&)' being compiled
          with
          [
              _Ty=Animation2D
          ]
C:\Program Files (x86)\Microsoft Visual Studio\2019\Community\VC\Tools\MSVC\14.28.29333\include\memory(2208): message : see reference to function template instantiation 'std::_Ref_count_obj2<_Ty>::_Ref_count_obj2<std::shared_ptr<Models>&,std::shared_ptr<Shaders>&,std::shared_ptr<Texture>&,int,float>(std::shared_ptr<Models> &,std::shared_ptr<Shaders> &,std::shared_ptr<Texture> &,int &&,float &&)' being compiled
          with
          [
              _Ty=Animation2D
          ]
E:\LEAP2021_Bahamut\TrainingFramework\src\GameObject\Enemy.cpp(193): message : see reference to function template instantiation 'std::shared_ptr<Animation2D> std::make_shared<Animation2D,std::shared_ptr<Models>&,std::shared_ptr<Shaders>&,std::shared_ptr<Texture>&,int,float>(std::shared_ptr<Models> &,std::shared_ptr<Shaders> &,std::shared_ptr<Texture> &,int &&,float &&)' being compiled
  Font.cpp
  GameButton.cpp
  MainCharacter.cpp
E:\LEAP2021_Bahamut\TrainingFramework\src\GameObject\MainCharacter.cpp(14,9): warning C4244: '=': conversion from 'float' to 'int', possible loss of data
E:\LEAP2021_Bahamut\TrainingFramework\src\GameObject\MainCharacter.cpp(274,28): warning C4305: 'argument': truncation from 'double' to 'float'
E:\LEAP2021_Bahamut\TrainingFramework\src\GameObject\MainCharacter.cpp(275,35): warning C4244: 'argument': conversion from 'GLint' to 'GLfloat', possible loss of data
E:\LEAP2021_Bahamut\TrainingFramework\src\GameObject\MainCharacter.cpp(275,32): warning C4244: 'argument': conversion from 'GLint' to 'GLfloat', possible loss of data
E:\LEAP2021_Bahamut\TrainingFramework\src\GameObject\MainCharacter.cpp(283,38): warning C4244: '-=': conversion from 'GLfloat' to 'int', possible loss of data
E:\LEAP2021_Bahamut\TrainingFramework\src\GameObject\MainCharacter.cpp(295,38): warning C4244: 'argument': conversion from 'GLint' to 'GLfloat', possible loss of data
E:\LEAP2021_Bahamut\TrainingFramework\src\GameObject\MainCharacter.cpp(295,35): warning C4244: 'argument': conversion from 'GLint' to 'GLfloat', possible loss of data
E:\LEAP2021_Bahamut\TrainingFramework\src\GameObject\MainCharacter.cpp(307,28): warning C4305: 'argument': truncation from 'double' to 'float'
E:\LEAP2021_Bahamut\TrainingFramework\src\GameObject\MainCharacter.cpp(308,35): warning C4244: 'argument': conversion from 'GLint' to 'GLfloat', possible loss of data
E:\LEAP2021_Bahamut\TrainingFramework\src\GameObject\MainCharacter.cpp(308,32): warning C4244: 'argument': conversion from 'GLint' to 'GLfloat', possible loss of data
C:\Program Files (x86)\Microsoft Visual Studio\2019\Community\VC\Tools\MSVC\14.28.29333\include\xmemory(230,33): warning C4244: 'argument': conversion from 'float' to 'int', possible loss of data
C:\Program Files (x86)\Microsoft Visual Studio\2019\Community\VC\Tools\MSVC\14.28.29333\include\memory(1564): message : see reference to function template instantiation 'void std::_Construct_in_place<_Ty,std::shared_ptr<Models>&,std::shared_ptr<Shaders>&,std::shared_ptr<Texture>&,float&,float&,float&,float&,float,const char(&)[10]>(_Ty &,std::shared_ptr<Models> &,std::shared_ptr<Shaders> &,std::shared_ptr<Texture> &,float &,float &,float &,float &,float &&,const char (&)[10]) noexcept(false)' being compiled
          with
          [
              _Ty=Bullet
          ]
C:\Program Files (x86)\Microsoft Visual Studio\2019\Community\VC\Tools\MSVC\14.28.29333\include\memory(2208): message : see reference to function template instantiation 'std::_Ref_count_obj2<_Ty>::_Ref_count_obj2<std::shared_ptr<Models>&,std::shared_ptr<Shaders>&,std::shared_ptr<Texture>&,float&,float&,float&,float&,float,const char(&)[10]>(std::shared_ptr<Models> &,std::shared_ptr<Shaders> &,std::shared_ptr<Texture> &,float &,float &,float &,float &,float &&,const char (&)[10])' being compiled
          with
          [
              _Ty=Bullet
          ]
C:\Program Files (x86)\Microsoft Visual Studio\2019\Community\VC\Tools\MSVC\14.28.29333\include\memory(2208): message : see reference to function template instantiation 'std::_Ref_count_obj2<_Ty>::_Ref_count_obj2<std::shared_ptr<Models>&,std::shared_ptr<Shaders>&,std::shared_ptr<Texture>&,float&,float&,float&,float&,float,const char(&)[10]>(std::shared_ptr<Models> &,std::shared_ptr<Shaders> &,std::shared_ptr<Texture> &,float &,float &,float &,float &,float &&,const char (&)[10])' being compiled
          with
          [
              _Ty=Bullet
          ]
E:\LEAP2021_Bahamut\TrainingFramework\src\GameObject\MainCharacter.cpp(252): message : see reference to function template instantiation 'std::shared_ptr<Bullet> std::make_shared<Bullet,std::shared_ptr<Models>&,std::shared_ptr<Shaders>&,std::shared_ptr<Texture>&,float&,float&,float&,float&,float,const char(&)[10]>(std::shared_ptr<Models> &,std::shared_ptr<Shaders> &,std::shared_ptr<Texture> &,float &,float &,float &,float &,float &&,const char (&)[10])' being compiled
C:\Program Files (x86)\Microsoft Visual Studio\2019\Community\VC\Tools\MSVC\14.28.29333\include\xmemory(230,33): warning C4244: 'argument': conversion from '_Ty' to 'float', possible loss of data
          with
          [
              _Ty=int
          ]
C:\Program Files (x86)\Microsoft Visual Studio\2019\Community\VC\Tools\MSVC\14.28.29333\include\memory(1564): message : see reference to function template instantiation 'void std::_Construct_in_place<_Ty,std::shared_ptr<Models>&,std::shared_ptr<Shaders>&,std::shared_ptr<Texture>&,int,float>(_Ty &,std::shared_ptr<Models> &,std::shared_ptr<Shaders> &,std::shared_ptr<Texture> &,int &&,float &&) noexcept(false)' being compiled
          with
          [
              _Ty=Animation2D
          ]
C:\Program Files (x86)\Microsoft Visual Studio\2019\Community\VC\Tools\MSVC\14.28.29333\include\memory(2208): message : see reference to function template instantiation 'std::_Ref_count_obj2<_Ty>::_Ref_count_obj2<std::shared_ptr<Models>&,std::shared_ptr<Shaders>&,std::shared_ptr<Texture>&,int,float>(std::shared_ptr<Models> &,std::shared_ptr<Shaders> &,std::shared_ptr<Texture> &,int &&,float &&)' being compiled
          with
          [
              _Ty=Animation2D
          ]
C:\Program Files (x86)\Microsoft Visual Studio\2019\Community\VC\Tools\MSVC\14.28.29333\include\memory(2208): message : see reference to function template instantiation 'std::_Ref_count_obj2<_Ty>::_Ref_count_obj2<std::shared_ptr<Models>&,std::shared_ptr<Shaders>&,std::shared_ptr<Texture>&,int,float>(std::shared_ptr<Models> &,std::shared_ptr<Shaders> &,std::shared_ptr<Texture> &,int &&,float &&)' being compiled
          with
          [
              _Ty=Animation2D
          ]
E:\LEAP2021_Bahamut\TrainingFramework\src\GameObject\MainCharacter.cpp(293): message : see reference to function template instantiation 'std::shared_ptr<Animation2D> std::make_shared<Animation2D,std::shared_ptr<Models>&,std::shared_ptr<Shaders>&,std::shared_ptr<Texture>&,int,float>(std::shared_ptr<Models> &,std::shared_ptr<Shaders> &,std::shared_ptr<Texture> &,int &&,float &&)' being compiled
  Models.cpp
E:\LEAP2021_Bahamut\TrainingFramework\src\GameObject\Models.cpp(10,3): warning C4477: 'printf' : format string '%s' requires an argument of type 'char *', but variadic argument 1 has type 'const std::string'
E:\LEAP2021_Bahamut\TrainingFramework\src\GameObject\Models.cpp(13,2): warning C4477: 'printf' : format string '%s' requires an argument of type 'char *', but variadic argument 1 has type 'const std::string'
E:\LEAP2021_Bahamut\TrainingFramework\src\GameObject\Models.cpp(25,18): warning C4244: 'initializing': conversion from 'std::streamoff' to 'size_t', possible loss of data
E:\LEAP2021_Bahamut\TrainingFramework\src\GameObject\Models.cpp(35,12): warning C4996: 'sscanf': This function or variable may be unsafe. Consider using sscanf_s instead. To disable deprecation, use _CRT_SECURE_NO_WARNINGS. See online help for details.
E:\LEAP2021_Bahamut\TrainingFramework\src\GameObject\Models.cpp(40,9): warning C4996: 'sscanf': This function or variable may be unsafe. Consider using sscanf_s instead. To disable deprecation, use _CRT_SECURE_NO_WARNINGS. See online help for details.
E:\LEAP2021_Bahamut\TrainingFramework\src\GameObject\Models.cpp(62,8): warning C4996: 'sscanf': This function or variable may be unsafe. Consider using sscanf_s instead. To disable deprecation, use _CRT_SECURE_NO_WARNINGS. See online help for details.
E:\LEAP2021_Bahamut\TrainingFramework\src\GameObject\Models.cpp(68,9): warning C4996: 'sscanf': This function or variable may be unsafe. Consider using sscanf_s instead. To disable deprecation, use _CRT_SECURE_NO_WARNINGS. See online help for details.
  Shaders.cpp
E:\LEAP2021_Bahamut\TrainingFramework\src\GameObject\Shaders.cpp(21,2): warning C4477: 'printf' : format string '%s' requires an argument of type 'char *', but variadic argument 1 has type 'const std::string'
E:\LEAP2021_Bahamut\TrainingFramework\src\GameObject\Shaders.cpp(21,2): warning C4477: 'printf' : format string '%s' requires an argument of type 'char *', but variadic argument 2 has type 'const std::string'
E:\LEAP2021_Bahamut\TrainingFramework\src\GameObject\Shaders.cpp(25,3): warning C4477: 'printf' : format string '%s' requires an argument of type 'char *', but variadic argument 1 has type 'const std::string'
E:\LEAP2021_Bahamut\TrainingFramework\src\GameObject\Shaders.cpp(32,3): warning C4477: 'printf' : format string '%s' requires an argument of type 'char *', but variadic argument 1 has type 'const std::string'
E:\LEAP2021_Bahamut\TrainingFramework\src\GameObject\Shaders.cpp(44,2): warning C4477: 'printf' : format string '%s' requires an argument of type 'char *', but variadic argument 1 has type 'const std::string'
E:\LEAP2021_Bahamut\TrainingFramework\src\GameObject\Shaders.cpp(44,2): warning C4477: 'printf' : format string '%s' requires an argument of type 'char *', but variadic argument 2 has type 'const std::string'
  Sprite2D.cpp
E:\LEAP2021_Bahamut\TrainingFramework\src\GameObject\Sprite2D.cpp(164,11): warning C4244: 'initializing': conversion from 'double' to 'float', possible loss of data
E:\LEAP2021_Bahamut\TrainingFramework\src\GameObject\Sprite2D.cpp(165,11): warning C4244: 'initializing': conversion from 'double' to 'float', possible loss of data
E:\LEAP2021_Bahamut\TrainingFramework\src\GameObject\Sprite2D.cpp(182,11): warning C4244: 'initializing': conversion from 'double' to 'float', possible loss of data
E:\LEAP2021_Bahamut\TrainingFramework\src\GameObject\Sprite2D.cpp(183,11): warning C4244: 'initializing': conversion from 'double' to 'float', possible loss of data
  Sprite3D.cpp
  Text.cpp
E:\LEAP2021_Bahamut\TrainingFramework\src\GameObject\Text.cpp(24,11): warning C4244: 'initializing': conversion from 'double' to 'float', possible loss of data
E:\LEAP2021_Bahamut\TrainingFramework\src\GameObject\Text.cpp(25,11): warning C4244: 'initializing': conversion from 'double' to 'float', possible loss of data
E:\LEAP2021_Bahamut\TrainingFramework\src\GameObject\Text.cpp(171,11): warning C4244: 'initializing': conversion from 'double' to 'float', possible loss of data
E:\LEAP2021_Bahamut\TrainingFramework\src\GameObject\Text.cpp(172,11): warning C4244: 'initializing': conversion from 'double' to 'float', possible loss of data
E:\LEAP2021_Bahamut\TrainingFramework\src\GameObject\Text.cpp(182,11): warning C4244: 'initializing': conversion from 'double' to 'float', possible loss of data
E:\LEAP2021_Bahamut\TrainingFramework\src\GameObject\Text.cpp(183,11): warning C4244: 'initializing': conversion from 'double' to 'float', possible loss of data
  Texture.cpp
  GSAboutMe.cpp
E:\LEAP2021_Bahamut\TrainingFramework\src\GameStates\GSAboutMe.cpp(27,60): warning C4244: 'argument': conversion from 'int' to 'GLfloat', possible loss of data
E:\LEAP2021_Bahamut\TrainingFramework\src\GameStates\GSAboutMe.cpp(27,42): warning C4244: 'argument': conversion from 'int' to 'GLfloat', possible loss of data
E:\LEAP2021_Bahamut\TrainingFramework\src\GameStates\GSAboutMe.cpp(33,40): warning C4244: 'argument': conversion from 'int' to 'GLfloat', possible loss of data
E:\LEAP2021_Bahamut\TrainingFramework\src\GameStates\GSAboutMe.cpp(39,69): warning C4244: 'argument': conversion from 'int' to 'GLfloat', possible loss of data
E:\LEAP2021_Bahamut\TrainingFramework\src\GameStates\GSAboutMe.cpp(39,45): warning C4244: 'argument': conversion from 'int' to 'GLfloat', possible loss of data
E:\LEAP2021_Bahamut\TrainingFramework\src\GameStates\GSAboutMe.cpp(45,41): warning C4244: 'argument': conversion from 'int' to 'GLfloat', possible loss of data
E:\LEAP2021_Bahamut\TrainingFramework\src\GameStates\GSAboutMe.cpp(59,62): warning C4244: 'argument': conversion from 'int' to 'GLfloat', possible loss of data
E:\LEAP2021_Bahamut\TrainingFramework\src\GameStates\GSAboutMe.cpp(59,43): warning C4244: 'argument': conversion from 'int' to 'GLfloat', possible loss of data
E:\LEAP2021_Bahamut\TrainingFramework\src\GameStates\GSAboutMe.cpp(63,64): warning C4244: 'argument': conversion from 'int' to 'GLfloat', possible loss of data
E:\LEAP2021_Bahamut\TrainingFramework\src\GameStates\GSAboutMe.cpp(63,45): warning C4244: 'argument': conversion from 'int' to 'GLfloat', possible loss of data
E:\LEAP2021_Bahamut\TrainingFramework\src\GameStates\GSAboutMe.cpp(67,65): warning C4244: 'argument': conversion from 'int' to 'GLfloat', possible loss of data
E:\LEAP2021_Bahamut\TrainingFramework\src\GameStates\GSAboutMe.cpp(67,45): warning C4244: 'argument': conversion from 'int' to 'GLfloat', possible loss of data
E:\LEAP2021_Bahamut\TrainingFramework\src\GameStates\GSAboutMe.cpp(71,66): warning C4244: 'argument': conversion from 'int' to 'GLfloat', possible loss of data
E:\LEAP2021_Bahamut\TrainingFramework\src\GameStates\GSAboutMe.cpp(71,46): warning C4244: 'argument': conversion from 'int' to 'GLfloat', possible loss of data
E:\LEAP2021_Bahamut\TrainingFramework\src\GameStates\GSAboutMe.cpp(75,66): warning C4244: 'argument': conversion from 'int' to 'GLfloat', possible loss of data
E:\LEAP2021_Bahamut\TrainingFramework\src\GameStates\GSAboutMe.cpp(75,46): warning C4244: 'argument': conversion from 'int' to 'GLfloat', possible loss of data
E:\LEAP2021_Bahamut\TrainingFramework\src\GameStates\GSAboutMe.cpp(79,66): warning C4244: 'argument': conversion from 'int' to 'GLfloat', possible loss of data
E:\LEAP2021_Bahamut\TrainingFramework\src\GameStates\GSAboutMe.cpp(79,46): warning C4244: 'argument': conversion from 'int' to 'GLfloat', possible loss of data
E:\LEAP2021_Bahamut\TrainingFramework\src\GameStates\GSAboutMe.cpp(83,66): warning C4244: 'argument': conversion from 'int' to 'GLfloat', possible loss of data
E:\LEAP2021_Bahamut\TrainingFramework\src\GameStates\GSAboutMe.cpp(83,46): warning C4244: 'argument': conversion from 'int' to 'GLfloat', possible loss of data
E:\LEAP2021_Bahamut\TrainingFramework\src\GameStates\GSAboutMe.cpp(87,66): warning C4244: 'argument': conversion from 'int' to 'GLfloat', possible loss of data
E:\LEAP2021_Bahamut\TrainingFramework\src\GameStates\GSAboutMe.cpp(87,46): warning C4244: 'argument': conversion from 'int' to 'GLfloat', possible loss of data
E:\LEAP2021_Bahamut\TrainingFramework\src\GameStates\GSAboutMe.cpp(91,66): warning C4244: 'argument': conversion from 'int' to 'GLfloat', possible loss of data
E:\LEAP2021_Bahamut\TrainingFramework\src\GameStates\GSAboutMe.cpp(91,46): warning C4244: 'argument': conversion from 'int' to 'GLfloat', possible loss of data
E:\LEAP2021_Bahamut\TrainingFramework\src\GameStates\GSAboutMe.cpp(95,66): warning C4244: 'argument': conversion from 'int' to 'GLfloat', possible loss of data
E:\LEAP2021_Bahamut\TrainingFramework\src\GameStates\GSAboutMe.cpp(95,46): warning C4244: 'argument': conversion from 'int' to 'GLfloat', possible loss of data
E:\LEAP2021_Bahamut\TrainingFramework\src\GameStates\GSAboutMe.cpp(99,66): warning C4244: 'argument': conversion from 'int' to 'GLfloat', possible loss of data
E:\LEAP2021_Bahamut\TrainingFramework\src\GameStates\GSAboutMe.cpp(99,46): warning C4244: 'argument': conversion from 'int' to 'GLfloat', possible loss of data
E:\LEAP2021_Bahamut\TrainingFramework\src\GameStates\GSAboutMe.cpp(103,66): warning C4244: 'argument': conversion from 'int' to 'GLfloat', possible loss of data
E:\LEAP2021_Bahamut\TrainingFramework\src\GameStates\GSAboutMe.cpp(103,46): warning C4244: 'argument': conversion from 'int' to 'GLfloat', possible loss of data
C:\Program Files (x86)\Microsoft Visual Studio\2019\Community\VC\Tools\MSVC\14.28.29333\include\xmemory(230,33): warning C4244: 'argument': conversion from '_Ty' to 'float', possible loss of data
          with
          [
              _Ty=double
          ]
C:\Program Files (x86)\Microsoft Visual Studio\2019\Community\VC\Tools\MSVC\14.28.29333\include\memory(1564): message : see reference to function template instantiation 'void std::_Construct_in_place<_Ty,std::shared_ptr<Shaders>&,std::shared_ptr<Font>&,const char(&)[20],TEXT_COLOR,double>(_Ty &,std::shared_ptr<Shaders> &,std::shared_ptr<Font> &,const char (&)[20],TEXT_COLOR &&,double &&) noexcept(false)' being compiled
          with
          [
              _Ty=Text
          ]
C:\Program Files (x86)\Microsoft Visual Studio\2019\Community\VC\Tools\MSVC\14.28.29333\include\memory(2208): message : see reference to function template instantiation 'std::_Ref_count_obj2<_Ty>::_Ref_count_obj2<std::shared_ptr<Shaders>&,std::shared_ptr<Font>&,const char(&)[20],TEXT_COLOR,double>(std::shared_ptr<Shaders> &,std::shared_ptr<Font> &,const char (&)[20],TEXT_COLOR &&,double &&)' being compiled
          with
          [
              _Ty=Text
          ]
C:\Program Files (x86)\Microsoft Visual Studio\2019\Community\VC\Tools\MSVC\14.28.29333\include\memory(2208): message : see reference to function template instantiation 'std::_Ref_count_obj2<_Ty>::_Ref_count_obj2<std::shared_ptr<Shaders>&,std::shared_ptr<Font>&,const char(&)[20],TEXT_COLOR,double>(std::shared_ptr<Shaders> &,std::shared_ptr<Font> &,const char (&)[20],TEXT_COLOR &&,double &&)' being compiled
          with
          [
              _Ty=Text
          ]
E:\LEAP2021_Bahamut\TrainingFramework\src\GameStates\GSAboutMe.cpp(58): message : see reference to function template instantiation 'std::shared_ptr<Text> std::make_shared<Text,std::shared_ptr<Shaders>&,std::shared_ptr<Font>&,const char(&)[20],TEXT_COLOR,double>(std::shared_ptr<Shaders> &,std::shared_ptr<Font> &,const char (&)[20],TEXT_COLOR &&,double &&)' being compiled
  GSIntro.cpp
E:\LEAP2021_Bahamut\TrainingFramework\src\GameStates\GSIntro.cpp(26,54): warning C4244: 'argument': conversion from 'int' to 'GLfloat', possible loss of data
E:\LEAP2021_Bahamut\TrainingFramework\src\GameStates\GSIntro.cpp(26,36): warning C4244: 'argument': conversion from 'int' to 'GLfloat', possible loss of data
  GSMenu.cpp
E:\LEAP2021_Bahamut\TrainingFramework\src\GameStates\GSMenu.cpp(29,60): warning C4244: 'argument': conversion from 'int' to 'GLfloat', possible loss of data
E:\LEAP2021_Bahamut\TrainingFramework\src\GameStates\GSMenu.cpp(29,42): warning C4244: 'argument': conversion from 'int' to 'GLfloat', possible loss of data
E:\LEAP2021_Bahamut\TrainingFramework\src\GameStates\GSMenu.cpp(35,40): warning C4244: 'argument': conversion from 'int' to 'GLfloat', possible loss of data
E:\LEAP2021_Bahamut\TrainingFramework\src\GameStates\GSMenu.cpp(41,69): warning C4244: 'argument': conversion from 'int' to 'GLfloat', possible loss of data
E:\LEAP2021_Bahamut\TrainingFramework\src\GameStates\GSMenu.cpp(41,45): warning C4244: 'argument': conversion from 'int' to 'GLfloat', possible loss of data
E:\LEAP2021_Bahamut\TrainingFramework\src\GameStates\GSMenu.cpp(47,56): warning C4244: 'argument': conversion from 'int' to 'GLfloat', possible loss of data
E:\LEAP2021_Bahamut\TrainingFramework\src\GameStates\GSMenu.cpp(47,36): warning C4244: 'argument': conversion from 'int' to 'GLfloat', possible loss of data
E:\LEAP2021_Bahamut\TrainingFramework\src\GameStates\GSMenu.cpp(58,41): warning C4244: 'argument': conversion from 'int' to 'GLfloat', possible loss of data
E:\LEAP2021_Bahamut\TrainingFramework\src\GameStates\GSMenu.cpp(69,55): warning C4244: 'argument': conversion from 'int' to 'GLfloat', possible loss of data
E:\LEAP2021_Bahamut\TrainingFramework\src\GameStates\GSMenu.cpp(69,36): warning C4244: 'argument': conversion from 'int' to 'GLfloat', possible loss of data
  GSPlay.cpp
E:\LEAP2021_Bahamut\TrainingFramework\src\GameStates\GSPlay.cpp(35,61): warning C4244: 'argument': conversion from 'int' to 'GLfloat', possible loss of data
E:\LEAP2021_Bahamut\TrainingFramework\src\GameStates\GSPlay.cpp(35,43): warning C4244: 'argument': conversion from 'int' to 'GLfloat', possible loss of data
E:\LEAP2021_Bahamut\TrainingFramework\src\GameStates\GSPlay.cpp(40,65): warning C4244: 'argument': conversion from 'int' to 'GLfloat', possible loss of data
E:\LEAP2021_Bahamut\TrainingFramework\src\GameStates\GSPlay.cpp(40,43): warning C4244: 'argument': conversion from 'int' to 'GLfloat', possible loss of data
E:\LEAP2021_Bahamut\TrainingFramework\src\GameStates\GSPlay.cpp(55,42): warning C4244: 'argument': conversion from 'int' to 'GLfloat', possible loss of data
E:\LEAP2021_Bahamut\TrainingFramework\src\GameStates\GSPlay.cpp(57,42): warning C4244: 'argument': conversion from 'int' to 'GLfloat', possible loss of data
E:\LEAP2021_Bahamut\TrainingFramework\src\GameStates\GSPlay.cpp(63,44): warning C4244: 'argument': conversion from 'int' to 'GLfloat', possible loss of data
E:\LEAP2021_Bahamut\TrainingFramework\src\GameStates\GSPlay.cpp(75,44): warning C4244: 'argument': conversion from 'int' to 'GLfloat', possible loss of data
E:\LEAP2021_Bahamut\TrainingFramework\src\GameStates\GSPlay.cpp(151,62): warning C4244: 'argument': conversion from 'int' to 'GLfloat', possible loss of data
E:\LEAP2021_Bahamut\TrainingFramework\src\GameStates\GSPlay.cpp(151,44): warning C4244: 'argument': conversion from 'int' to 'GLfloat', possible loss of data
E:\LEAP2021_Bahamut\TrainingFramework\src\GameStates\GSPlay.cpp(152,66): warning C4244: 'argument': conversion from 'int' to 'GLfloat', possible loss of data
E:\LEAP2021_Bahamut\TrainingFramework\src\GameStates\GSPlay.cpp(152,44): warning C4244: 'argument': conversion from 'int' to 'GLfloat', possible loss of data
E:\LEAP2021_Bahamut\TrainingFramework\src\GameStates\GSPlay.cpp(154,43): warning C4244: 'argument': conversion from 'int' to 'GLfloat', possible loss of data
E:\LEAP2021_Bahamut\TrainingFramework\src\GameStates\GSPlay.cpp(155,43): warning C4244: 'argument': conversion from 'int' to 'GLfloat', possible loss of data
E:\LEAP2021_Bahamut\TrainingFramework\src\GameStates\GSPlay.cpp(185,20): warning C4018: '<': signed/unsigned mismatch
E:\LEAP2021_Bahamut\TrainingFramework\src\GameStates\GSPlay.cpp(188,121): warning C4244: 'argument': conversion from 'GLfloat' to 'GLint', possible loss of data
E:\LEAP2021_Bahamut\TrainingFramework\src\GameStates\GSPlay.cpp(188,85): warning C4244: 'argument': conversion from 'GLfloat' to 'GLint', possible loss of data
E:\LEAP2021_Bahamut\TrainingFramework\src\GameStates\GSPlay.cpp(192,122): warning C4244: 'argument': conversion from 'GLfloat' to 'GLint', possible loss of data
E:\LEAP2021_Bahamut\TrainingFramework\src\GameStates\GSPlay.cpp(192,87): warning C4244: 'argument': conversion from 'GLfloat' to 'GLint', possible loss of data
E:\LEAP2021_Bahamut\TrainingFramework\src\GameStates\GSPlay.cpp(199,20): warning C4018: '<': signed/unsigned mismatch
E:\LEAP2021_Bahamut\TrainingFramework\src\GameStates\GSPlay.cpp(202,129): warning C4244: 'argument': conversion from 'GLfloat' to 'GLint', possible loss of data
E:\LEAP2021_Bahamut\TrainingFramework\src\GameStates\GSPlay.cpp(202,93): warning C4244: 'argument': conversion from 'GLfloat' to 'GLint', possible loss of data
E:\LEAP2021_Bahamut\TrainingFramework\src\GameStates\GSPlay.cpp(203,129): warning C4244: 'argument': conversion from 'GLfloat' to 'GLint', possible loss of data
E:\LEAP2021_Bahamut\TrainingFramework\src\GameStates\GSPlay.cpp(203,93): warning C4244: 'argument': conversion from 'GLfloat' to 'GLint', possible loss of data
E:\LEAP2021_Bahamut\TrainingFramework\src\GameStates\GSPlay.cpp(207,140): warning C4244: 'argument': conversion from 'GLfloat' to 'GLint', possible loss of data
E:\LEAP2021_Bahamut\TrainingFramework\src\GameStates\GSPlay.cpp(207,99): warning C4244: 'argument': conversion from 'GLfloat' to 'GLint', possible loss of data
E:\LEAP2021_Bahamut\TrainingFramework\src\GameStates\GSPlay.cpp(214,20): warning C4018: '<': signed/unsigned mismatch
E:\LEAP2021_Bahamut\TrainingFramework\src\GameStates\GSPlay.cpp(217,128): warning C4244: 'argument': conversion from 'GLfloat' to 'GLint', possible loss of data
E:\LEAP2021_Bahamut\TrainingFramework\src\GameStates\GSPlay.cpp(217,92): warning C4244: 'argument': conversion from 'GLfloat' to 'GLint', possible loss of data
E:\LEAP2021_Bahamut\TrainingFramework\src\GameStates\GSPlay.cpp(221,143): warning C4244: 'argument': conversion from 'GLfloat' to 'GLint', possible loss of data
E:\LEAP2021_Bahamut\TrainingFramework\src\GameStates\GSPlay.cpp(221,101): warning C4244: 'argument': conversion from 'GLfloat' to 'GLint', possible loss of data
E:\LEAP2021_Bahamut\TrainingFramework\src\GameStates\GSPlay.cpp(227,20): warning C4018: '<': signed/unsigned mismatch
E:\LEAP2021_Bahamut\TrainingFramework\src\GameStates\GSPlay.cpp(230,121): warning C4244: 'argument': conversion from 'GLfloat' to 'GLint', possible loss of data
E:\LEAP2021_Bahamut\TrainingFramework\src\GameStates\GSPlay.cpp(230,85): warning C4244: 'argument': conversion from 'GLfloat' to 'GLint', possible loss of data
E:\LEAP2021_Bahamut\TrainingFramework\src\GameStates\GSPlay.cpp(231,122): warning C4244: 'argument': conversion from 'GLfloat' to 'GLint', possible loss of data
E:\LEAP2021_Bahamut\TrainingFramework\src\GameStates\GSPlay.cpp(231,86): warning C4244: 'argument': conversion from 'GLfloat' to 'GLint', possible loss of data
E:\LEAP2021_Bahamut\TrainingFramework\src\GameStates\GSPlay.cpp(232,122): warning C4244: 'argument': conversion from 'GLfloat' to 'GLint', possible loss of data
E:\LEAP2021_Bahamut\TrainingFramework\src\GameStates\GSPlay.cpp(232,86): warning C4244: 'argument': conversion from 'GLfloat' to 'GLint', possible loss of data
E:\LEAP2021_Bahamut\TrainingFramework\src\GameStates\GSPlay.cpp(233,122): warning C4244: 'argument': conversion from 'GLfloat' to 'GLint', possible loss of data
E:\LEAP2021_Bahamut\TrainingFramework\src\GameStates\GSPlay.cpp(233,86): warning C4244: 'argument': conversion from 'GLfloat' to 'GLint', possible loss of data
E:\LEAP2021_Bahamut\TrainingFramework\src\GameStates\GSPlay.cpp(234,122): warning C4244: 'argument': conversion from 'GLfloat' to 'GLint', possible loss of data
E:\LEAP2021_Bahamut\TrainingFramework\src\GameStates\GSPlay.cpp(234,86): warning C4244: 'argument': conversion from 'GLfloat' to 'GLint', possible loss of data
E:\LEAP2021_Bahamut\TrainingFramework\src\GameStates\GSPlay.cpp(238,132): warning C4244: 'argument': conversion from 'GLfloat' to 'GLint', possible loss of data
E:\LEAP2021_Bahamut\TrainingFramework\src\GameStates\GSPlay.cpp(238,87): warning C4244: 'argument': conversion from 'GLfloat' to 'GLint', possible loss of data
E:\LEAP2021_Bahamut\TrainingFramework\src\GameStates\GSPlay.cpp(239,132): warning C4244: 'argument': conversion from 'GLfloat' to 'GLint', possible loss of data
E:\LEAP2021_Bahamut\TrainingFramework\src\GameStates\GSPlay.cpp(239,87): warning C4244: 'argument': conversion from 'GLfloat' to 'GLint', possible loss of data
E:\LEAP2021_Bahamut\TrainingFramework\src\GameStates\GSPlay.cpp(240,134): warning C4244: 'argument': conversion from 'GLfloat' to 'GLint', possible loss of data
E:\LEAP2021_Bahamut\TrainingFramework\src\GameStates\GSPlay.cpp(240,87): warning C4244: 'argument': conversion from 'GLfloat' to 'GLint', possible loss of data
E:\LEAP2021_Bahamut\TrainingFramework\src\GameStates\GSPlay.cpp(258,20): warning C4018: '<': signed/unsigned mismatch
E:\LEAP2021_Bahamut\TrainingFramework\src\GameStates\GSPlay.cpp(265,20): warning C4018: '<': signed/unsigned mismatch
E:\LEAP2021_Bahamut\TrainingFramework\src\GameStates\GSPlay.cpp(272,20): warning C4018: '<': signed/unsigned mismatch
E:\LEAP2021_Bahamut\TrainingFramework\src\GameStates\GSPlay.cpp(279,20): warning C4018: '<': signed/unsigned mismatch
E:\LEAP2021_Bahamut\TrainingFramework\src\GameStates\GSPlay.cpp(286,20): warning C4018: '<': signed/unsigned mismatch
E:\LEAP2021_Bahamut\TrainingFramework\src\GameStates\GSPlay.cpp(302,124): warning C4244: 'argument': conversion from 'GLfloat' to 'GLint', possible loss of data
E:\LEAP2021_Bahamut\TrainingFramework\src\GameStates\GSPlay.cpp(302,88): warning C4244: 'argument': conversion from 'GLfloat' to 'GLint', possible loss of data
E:\LEAP2021_Bahamut\TrainingFramework\src\GameStates\GSPlay.cpp(309,64): warning C4244: 'argument': conversion from 'int' to 'GLfloat', possible loss of data
E:\LEAP2021_Bahamut\TrainingFramework\src\GameStates\GSPlay.cpp(309,47): warning C4244: 'argument': conversion from 'int' to 'GLfloat', possible loss of data
E:\LEAP2021_Bahamut\TrainingFramework\src\GameStates\GSPlay.cpp(402,119): warning C4244: 'argument': conversion from 'GLfloat' to 'GLint', possible loss of data
E:\LEAP2021_Bahamut\TrainingFramework\src\GameStates\GSPlay.cpp(402,83): warning C4244: 'argument': conversion from 'GLfloat' to 'GLint', possible loss of data
E:\LEAP2021_Bahamut\TrainingFramework\src\GameStates\GSPlay.cpp(411,119): warning C4244: 'argument': conversion from 'GLfloat' to 'GLint', possible loss of data
E:\LEAP2021_Bahamut\TrainingFramework\src\GameStates\GSPlay.cpp(411,83): warning C4244: 'argument': conversion from 'GLfloat' to 'GLint', possible loss of data
E:\LEAP2021_Bahamut\TrainingFramework\src\GameStates\GSPlay.cpp(420,119): warning C4244: 'argument': conversion from 'GLfloat' to 'GLint', possible loss of data
E:\LEAP2021_Bahamut\TrainingFramework\src\GameStates\GSPlay.cpp(420,83): warning C4244: 'argument': conversion from 'GLfloat' to 'GLint', possible loss of data
E:\LEAP2021_Bahamut\TrainingFramework\src\GameStates\GSPlay.cpp(430,119): warning C4244: 'argument': conversion from 'GLfloat' to 'GLint', possible loss of data
E:\LEAP2021_Bahamut\TrainingFramework\src\GameStates\GSPlay.cpp(430,83): warning C4244: 'argument': conversion from 'GLfloat' to 'GLint', possible loss of data
E:\LEAP2021_Bahamut\TrainingFramework\src\GameStates\GSPlay.cpp(442,52): warning C4244: 'argument': conversion from 'float' to 'int', possible loss of data
E:\LEAP2021_Bahamut\TrainingFramework\src\GameStates\GSPlay.cpp(443,113): warning C4244: 'argument': conversion from 'GLfloat' to 'GLint', possible loss of data
E:\LEAP2021_Bahamut\TrainingFramework\src\GameStates\GSPlay.cpp(443,86): warning C4244: 'argument': conversion from 'GLfloat' to 'GLint', possible loss of data
E:\LEAP2021_Bahamut\TrainingFramework\src\GameStates\GSPlay.cpp(451,29): warning C4018: '<': signed/unsigned mismatch
E:\LEAP2021_Bahamut\TrainingFramework\src\GameStates\GSPlay.cpp(457,117): warning C4244: 'argument': conversion from 'GLfloat' to 'GLint', possible loss of data
E:\LEAP2021_Bahamut\TrainingFramework\src\GameStates\GSPlay.cpp(457,90): warning C4244: 'argument': conversion from 'GLfloat' to 'GLint', possible loss of data
E:\LEAP2021_Bahamut\TrainingFramework\src\GameStates\GSPlay.cpp(461,31): warning C4018: '<': signed/unsigned mismatch
E:\LEAP2021_Bahamut\TrainingFramework\src\GameStates\GSPlay.cpp(467,124): warning C4244: 'argument': conversion from 'GLfloat' to 'GLint', possible loss of data
E:\LEAP2021_Bahamut\TrainingFramework\src\GameStates\GSPlay.cpp(467,97): warning C4244: 'argument': conversion from 'GLfloat' to 'GLint', possible loss of data
E:\LEAP2021_Bahamut\TrainingFramework\src\GameStates\GSPlay.cpp(472,43): warning C4018: '<': signed/unsigned mismatch
E:\LEAP2021_Bahamut\TrainingFramework\src\GameStates\GSPlay.cpp(478,131): warning C4244: 'argument': conversion from 'GLfloat' to 'GLint', possible loss of data
E:\LEAP2021_Bahamut\TrainingFramework\src\GameStates\GSPlay.cpp(478,104): warning C4244: 'argument': conversion from 'GLfloat' to 'GLint', possible loss of data
E:\LEAP2021_Bahamut\TrainingFramework\src\GameStates\GSPlay.cpp(483,27): warning C4018: '<': signed/unsigned mismatch
E:\LEAP2021_Bahamut\TrainingFramework\src\GameStates\GSPlay.cpp(489,115): warning C4244: 'argument': conversion from 'GLfloat' to 'GLint', possible loss of data
E:\LEAP2021_Bahamut\TrainingFramework\src\GameStates\GSPlay.cpp(489,88): warning C4244: 'argument': conversion from 'GLfloat' to 'GLint', possible loss of data
E:\LEAP2021_Bahamut\TrainingFramework\src\GameStates\GSPlay.cpp(501,71): warning C4244: 'argument': conversion from 'int' to 'GLfloat', possible loss of data
E:\LEAP2021_Bahamut\TrainingFramework\src\GameStates\GSPlay.cpp(501,53): warning C4244: 'argument': conversion from 'int' to 'GLfloat', possible loss of data
E:\LEAP2021_Bahamut\TrainingFramework\src\GameStates\GSPlay.cpp(521,64): warning C4244: 'argument': conversion from 'int' to 'GLfloat', possible loss of data
E:\LEAP2021_Bahamut\TrainingFramework\src\GameStates\GSPlay.cpp(521,43): warning C4244: 'argument': conversion from 'int' to 'GLfloat', possible loss of data
E:\LEAP2021_Bahamut\TrainingFramework\src\GameStates\GSPlay.cpp(531,68): warning C4244: 'argument': conversion from 'int' to 'GLfloat', possible loss of data
E:\LEAP2021_Bahamut\TrainingFramework\src\GameStates\GSPlay.cpp(531,54): warning C4244: 'argument': conversion from 'int' to 'GLfloat', possible loss of data
E:\LEAP2021_Bahamut\TrainingFramework\src\GameStates\GSPlay.cpp(537,61): warning C4244: 'argument': conversion from 'int' to 'GLfloat', possible loss of data
E:\LEAP2021_Bahamut\TrainingFramework\src\GameStates\GSPlay.cpp(537,38): warning C4244: 'argument': conversion from 'int' to 'GLfloat', possible loss of data
E:\LEAP2021_Bahamut\TrainingFramework\src\GameStates\GSPlay.cpp(547,68): warning C4244: 'argument': conversion from 'int' to 'GLfloat', possible loss of data
E:\LEAP2021_Bahamut\TrainingFramework\src\GameStates\GSPlay.cpp(547,54): warning C4244: 'argument': conversion from 'int' to 'GLfloat', possible loss of data
E:\LEAP2021_Bahamut\TrainingFramework\src\GameStates\GSPlay.cpp(553,61): warning C4244: 'argument': conversion from 'int' to 'GLfloat', possible loss of data
E:\LEAP2021_Bahamut\TrainingFramework\src\GameStates\GSPlay.cpp(553,38): warning C4244: 'argument': conversion from 'int' to 'GLfloat', possible loss of data
E:\LEAP2021_Bahamut\TrainingFramework\src\GameStates\GSPlay.cpp(559,64): warning C4244: 'argument': conversion from 'int' to 'GLfloat', possible loss of data
E:\LEAP2021_Bahamut\TrainingFramework\src\GameStates\GSPlay.cpp(559,52): warning C4244: 'argument': conversion from 'int' to 'GLfloat', possible loss of data
E:\LEAP2021_Bahamut\TrainingFramework\src\GameStates\GSPlay.cpp(569,68): warning C4244: 'argument': conversion from 'int' to 'GLfloat', possible loss of data
E:\LEAP2021_Bahamut\TrainingFramework\src\GameStates\GSPlay.cpp(569,54): warning C4244: 'argument': conversion from 'int' to 'GLfloat', possible loss of data
E:\LEAP2021_Bahamut\TrainingFramework\src\GameStates\GSPlay.cpp(575,68): warning C4244: 'argument': conversion from 'int' to 'GLfloat', possible loss of data
E:\LEAP2021_Bahamut\TrainingFramework\src\GameStates\GSPlay.cpp(575,54): warning C4244: 'argument': conversion from 'int' to 'GLfloat', possible loss of data
E:\LEAP2021_Bahamut\TrainingFramework\src\GameStates\GSPlay.cpp(581,68): warning C4244: 'argument': conversion from 'int' to 'GLfloat', possible loss of data
E:\LEAP2021_Bahamut\TrainingFramework\src\GameStates\GSPlay.cpp(581,54): warning C4244: 'argument': conversion from 'int' to 'GLfloat', possible loss of data
E:\LEAP2021_Bahamut\TrainingFramework\src\GameStates\GSPlay.cpp(591,60): warning C4244: 'argument': conversion from 'int' to 'GLfloat', possible loss of data
E:\LEAP2021_Bahamut\TrainingFramework\src\GameStates\GSPlay.cpp(591,41): warning C4244: 'argument': conversion from 'int' to 'GLfloat', possible loss of data
E:\LEAP2021_Bahamut\TrainingFramework\src\GameStates\GSPlay.cpp(597,69): warning C4244: 'argument': conversion from 'int' to 'GLfloat', possible loss of data
E:\LEAP2021_Bahamut\TrainingFramework\src\GameStates\GSPlay.cpp(597,47): warning C4244: 'argument': conversion from 'int' to 'GLfloat', possible loss of data
E:\LEAP2021_Bahamut\TrainingFramework\src\GameStates\GSPlay.cpp(603,69): warning C4244: 'argument': conversion from 'int' to 'GLfloat', possible loss of data
E:\LEAP2021_Bahamut\TrainingFramework\src\GameStates\GSPlay.cpp(603,47): warning C4244: 'argument': conversion from 'int' to 'GLfloat', possible loss of data
E:\LEAP2021_Bahamut\TrainingFramework\src\GameStates\GSPlay.cpp(613,77): warning C4244: 'argument': conversion from 'int' to 'GLfloat', possible loss of data
E:\LEAP2021_Bahamut\TrainingFramework\src\GameStates\GSPlay.cpp(613,55): warning C4244: 'argument': conversion from 'int' to 'GLfloat', possible loss of data
E:\LEAP2021_Bahamut\TrainingFramework\src\GameStates\GSPlay.cpp(618,78): warning C4244: 'argument': conversion from 'int' to 'GLfloat', possible loss of data
E:\LEAP2021_Bahamut\TrainingFramework\src\GameStates\GSPlay.cpp(618,45): warning C4244: 'argument': conversion from 'int' to 'GLfloat', possible loss of data
C:\Program Files (x86)\Microsoft Visual Studio\2019\Community\VC\Tools\MSVC\14.28.29333\include\xmemory(230,33): warning C4244: 'argument': conversion from '_Ty' to 'float', possible loss of data
          with
          [
              _Ty=int
          ]
C:\Program Files (x86)\Microsoft Visual Studio\2019\Community\VC\Tools\MSVC\14.28.29333\include\memory(1564): message : see reference to function template instantiation 'void std::_Construct_in_place<_Ty,std::shared_ptr<Models>&,std::shared_ptr<Shaders>&,std::shared_ptr<Texture>&,int,int>(_Ty &,std::shared_ptr<Models> &,std::shared_ptr<Shaders> &,std::shared_ptr<Texture> &,int &&,int &&) noexcept(false)' being compiled
          with
          [
              _Ty=MainCharacter
          ]
C:\Program Files (x86)\Microsoft Visual Studio\2019\Community\VC\Tools\MSVC\14.28.29333\include\memory(2208): message : see reference to function template instantiation 'std::_Ref_count_obj2<_Ty>::_Ref_count_obj2<std::shared_ptr<Models>&,std::shared_ptr<Shaders>&,std::shared_ptr<Texture>&,int,int>(std::shared_ptr<Models> &,std::shared_ptr<Shaders> &,std::shared_ptr<Texture> &,int &&,int &&)' being compiled
          with
          [
              _Ty=MainCharacter
          ]
C:\Program Files (x86)\Microsoft Visual Studio\2019\Community\VC\Tools\MSVC\14.28.29333\include\memory(2208): message : see reference to function template instantiation 'std::_Ref_count_obj2<_Ty>::_Ref_count_obj2<std::shared_ptr<Models>&,std::shared_ptr<Shaders>&,std::shared_ptr<Texture>&,int,int>(std::shared_ptr<Models> &,std::shared_ptr<Shaders> &,std::shared_ptr<Texture> &,int &&,int &&)' being compiled
          with
          [
              _Ty=MainCharacter
          ]
E:\LEAP2021_Bahamut\TrainingFramework\src\GameStates\GSPlay.cpp(45): message : see reference to function template instantiation 'std::shared_ptr<MainCharacter> std::make_shared<MainCharacter,std::shared_ptr<Models>&,std::shared_ptr<Shaders>&,std::shared_ptr<Texture>&,int,int>(std::shared_ptr<Models> &,std::shared_ptr<Shaders> &,std::shared_ptr<Texture> &,int &&,int &&)' being compiled
C:\Program Files (x86)\Microsoft Visual Studio\2019\Community\VC\Tools\MSVC\14.28.29333\include\xmemory(230,33): warning C4244: 'argument': conversion from '_Ty' to 'float', possible loss of data
          with
          [
              _Ty=double
          ]
C:\Program Files (x86)\Microsoft Visual Studio\2019\Community\VC\Tools\MSVC\14.28.29333\include\memory(1564): message : see reference to function template instantiation 'void std::_Construct_in_place<_Ty,std::shared_ptr<Shaders>&,std::shared_ptr<Font>&,std::basic_string<char,std::char_traits<char>,std::allocator<char>>,TEXT_COLOR,double>(_Ty &,std::shared_ptr<Shaders> &,std::shared_ptr<Font> &,std::basic_string<char,std::char_traits<char>,std::allocator<char>> &&,TEXT_COLOR &&,double &&) noexcept(false)' being compiled
          with
          [
              _Ty=Text
          ]
C:\Program Files (x86)\Microsoft Visual Studio\2019\Community\VC\Tools\MSVC\14.28.29333\include\memory(2208): message : see reference to function template instantiation 'std::_Ref_count_obj2<_Ty>::_Ref_count_obj2<std::shared_ptr<Shaders>&,std::shared_ptr<Font>&,std::basic_string<char,std::char_traits<char>,std::allocator<char>>,TEXT_COLOR,double>(std::shared_ptr<Shaders> &,std::shared_ptr<Font> &,std::basic_string<char,std::char_traits<char>,std::allocator<char>> &&,TEXT_COLOR &&,double &&)' being compiled
          with
          [
              _Ty=Text
          ]
C:\Program Files (x86)\Microsoft Visual Studio\2019\Community\VC\Tools\MSVC\14.28.29333\include\memory(2208): message : see reference to function template instantiation 'std::_Ref_count_obj2<_Ty>::_Ref_count_obj2<std::shared_ptr<Shaders>&,std::shared_ptr<Font>&,std::basic_string<char,std::char_traits<char>,std::allocator<char>>,TEXT_COLOR,double>(std::shared_ptr<Shaders> &,std::shared_ptr<Font> &,std::basic_string<char,std::char_traits<char>,std::allocator<char>> &&,TEXT_COLOR &&,double &&)' being compiled
          with
          [
              _Ty=Text
          ]
E:\LEAP2021_Bahamut\TrainingFramework\src\GameStates\GSPlay.cpp(50): message : see reference to function template instantiation 'std::shared_ptr<Text> std::make_shared<Text,std::shared_ptr<Shaders>&,std::shared_ptr<Font>&,std::basic_string<char,std::char_traits<char>,std::allocator<char>>,TEXT_COLOR,double>(std::shared_ptr<Shaders> &,std::shared_ptr<Font> &,std::basic_string<char,std::char_traits<char>,std::allocator<char>> &&,TEXT_COLOR &&,double &&)' being compiled
  Compiling...
  GSPlayAgainMenu.cpp
E:\LEAP2021_Bahamut\TrainingFramework\src\GameStates\GSPlayAgainMenu.cpp(30,61): warning C4244: 'argument': conversion from 'int' to 'GLfloat', possible loss of data
E:\LEAP2021_Bahamut\TrainingFramework\src\GameStates\GSPlayAgainMenu.cpp(30,43): warning C4244: 'argument': conversion from 'int' to 'GLfloat', possible loss of data
E:\LEAP2021_Bahamut\TrainingFramework\src\GameStates\GSPlayAgainMenu.cpp(33,65): warning C4244: 'argument': conversion from 'int' to 'GLfloat', possible loss of data
E:\LEAP2021_Bahamut\TrainingFramework\src\GameStates\GSPlayAgainMenu.cpp(33,43): warning C4244: 'argument': conversion from 'int' to 'GLfloat', possible loss of data
E:\LEAP2021_Bahamut\TrainingFramework\src\GameStates\GSPlayAgainMenu.cpp(40,54): warning C4244: 'argument': conversion from 'int' to 'GLfloat', possible loss of data
E:\LEAP2021_Bahamut\TrainingFramework\src\GameStates\GSPlayAgainMenu.cpp(40,36): warning C4244: 'argument': conversion from 'int' to 'GLfloat', possible loss of data
E:\LEAP2021_Bahamut\TrainingFramework\src\GameStates\GSPlayAgainMenu.cpp(51,60): warning C4244: 'argument': conversion from 'int' to 'GLfloat', possible loss of data
E:\LEAP2021_Bahamut\TrainingFramework\src\GameStates\GSPlayAgainMenu.cpp(51,36): warning C4244: 'argument': conversion from 'int' to 'GLfloat', possible loss of data
E:\LEAP2021_Bahamut\TrainingFramework\src\GameStates\GSPlayAgainMenu.cpp(63,62): warning C4244: 'argument': conversion from 'int' to 'GLfloat', possible loss of data
E:\LEAP2021_Bahamut\TrainingFramework\src\GameStates\GSPlayAgainMenu.cpp(63,44): warning C4244: 'argument': conversion from 'int' to 'GLfloat', possible loss of data
E:\LEAP2021_Bahamut\TrainingFramework\src\GameStates\GSPlayAgainMenu.cpp(129,62): warning C4244: 'argument': conversion from 'int' to 'GLfloat', possible loss of data
E:\LEAP2021_Bahamut\TrainingFramework\src\GameStates\GSPlayAgainMenu.cpp(129,44): warning C4244: 'argument': conversion from 'int' to 'GLfloat', possible loss of data
E:\LEAP2021_Bahamut\TrainingFramework\src\GameStates\GSPlayAgainMenu.cpp(130,66): warning C4244: 'argument': conversion from 'int' to 'GLfloat', possible loss of data
E:\LEAP2021_Bahamut\TrainingFramework\src\GameStates\GSPlayAgainMenu.cpp(130,44): warning C4244: 'argument': conversion from 'int' to 'GLfloat', possible loss of data
E:\LEAP2021_Bahamut\TrainingFramework\src\GameStates\GSPlayAgainMenu.cpp(132,43): warning C4244: 'argument': conversion from 'int' to 'GLfloat', possible loss of data
E:\LEAP2021_Bahamut\TrainingFramework\src\GameStates\GSPlayAgainMenu.cpp(133,43): warning C4244: 'argument': conversion from 'int' to 'GLfloat', possible loss of data
C:\Program Files (x86)\Microsoft Visual Studio\2019\Community\VC\Tools\MSVC\14.28.29333\include\xmemory(230,33): warning C4244: 'argument': conversion from '_Ty' to 'float', possible loss of data
          with
          [
              _Ty=double
          ]
C:\Program Files (x86)\Microsoft Visual Studio\2019\Community\VC\Tools\MSVC\14.28.29333\include\memory(1564): message : see reference to function template instantiation 'void std::_Construct_in_place<_Ty,std::shared_ptr<Shaders>&,std::shared_ptr<Font>&,const char(&)[10],TEXT_COLOR,double>(_Ty &,std::shared_ptr<Shaders> &,std::shared_ptr<Font> &,const char (&)[10],TEXT_COLOR &&,double &&) noexcept(false)' being compiled
          with
          [
              _Ty=Text
          ]
C:\Program Files (x86)\Microsoft Visual Studio\2019\Community\VC\Tools\MSVC\14.28.29333\include\memory(2208): message : see reference to function template instantiation 'std::_Ref_count_obj2<_Ty>::_Ref_count_obj2<std::shared_ptr<Shaders>&,std::shared_ptr<Font>&,const char(&)[10],TEXT_COLOR,double>(std::shared_ptr<Shaders> &,std::shared_ptr<Font> &,const char (&)[10],TEXT_COLOR &&,double &&)' being compiled
          with
          [
              _Ty=Text
          ]
C:\Program Files (x86)\Microsoft Visual Studio\2019\Community\VC\Tools\MSVC\14.28.29333\include\memory(2208): message : see reference to function template instantiation 'std::_Ref_count_obj2<_Ty>::_Ref_count_obj2<std::shared_ptr<Shaders>&,std::shared_ptr<Font>&,const char(&)[10],TEXT_COLOR,double>(std::shared_ptr<Shaders> &,std::shared_ptr<Font> &,const char (&)[10],TEXT_COLOR &&,double &&)' being compiled
          with
          [
              _Ty=Text
          ]
E:\LEAP2021_Bahamut\TrainingFramework\src\GameStates\GSPlayAgainMenu.cpp(62): message : see reference to function template instantiation 'std::shared_ptr<Text> std::make_shared<Text,std::shared_ptr<Shaders>&,std::shared_ptr<Font>&,const char(&)[10],TEXT_COLOR,double>(std::shared_ptr<Shaders> &,std::shared_ptr<Font> &,const char (&)[10],TEXT_COLOR &&,double &&)' being compiled
  GSVictory.cpp
E:\LEAP2021_Bahamut\TrainingFramework\src\GameStates\GSVictory.cpp(30,61): warning C4244: 'argument': conversion from 'int' to 'GLfloat', possible loss of data
E:\LEAP2021_Bahamut\TrainingFramework\src\GameStates\GSVictory.cpp(30,43): warning C4244: 'argument': conversion from 'int' to 'GLfloat', possible loss of data
E:\LEAP2021_Bahamut\TrainingFramework\src\GameStates\GSVictory.cpp(33,65): warning C4244: 'argument': conversion from 'int' to 'GLfloat', possible loss of data
E:\LEAP2021_Bahamut\TrainingFramework\src\GameStates\GSVictory.cpp(33,43): warning C4244: 'argument': conversion from 'int' to 'GLfloat', possible loss of data
E:\LEAP2021_Bahamut\TrainingFramework\src\GameStates\GSVictory.cpp(40,54): warning C4244: 'argument': conversion from 'int' to 'GLfloat', possible loss of data
E:\LEAP2021_Bahamut\TrainingFramework\src\GameStates\GSVictory.cpp(40,36): warning C4244: 'argument': conversion from 'int' to 'GLfloat', possible loss of data
E:\LEAP2021_Bahamut\TrainingFramework\src\GameStates\GSVictory.cpp(53,60): warning C4244: 'argument': conversion from 'int' to 'GLfloat', possible loss of data
E:\LEAP2021_Bahamut\TrainingFramework\src\GameStates\GSVictory.cpp(53,36): warning C4244: 'argument': conversion from 'int' to 'GLfloat', possible loss of data
E:\LEAP2021_Bahamut\TrainingFramework\src\GameStates\GSVictory.cpp(65,62): warning C4244: 'argument': conversion from 'int' to 'GLfloat', possible loss of data
E:\LEAP2021_Bahamut\TrainingFramework\src\GameStates\GSVictory.cpp(65,44): warning C4244: 'argument': conversion from 'int' to 'GLfloat', possible loss of data
E:\LEAP2021_Bahamut\TrainingFramework\src\GameStates\GSVictory.cpp(131,62): warning C4244: 'argument': conversion from 'int' to 'GLfloat', possible loss of data
E:\LEAP2021_Bahamut\TrainingFramework\src\GameStates\GSVictory.cpp(131,44): warning C4244: 'argument': conversion from 'int' to 'GLfloat', possible loss of data
E:\LEAP2021_Bahamut\TrainingFramework\src\GameStates\GSVictory.cpp(132,66): warning C4244: 'argument': conversion from 'int' to 'GLfloat', possible loss of data
E:\LEAP2021_Bahamut\TrainingFramework\src\GameStates\GSVictory.cpp(132,44): warning C4244: 'argument': conversion from 'int' to 'GLfloat', possible loss of data
E:\LEAP2021_Bahamut\TrainingFramework\src\GameStates\GSVictory.cpp(134,43): warning C4244: 'argument': conversion from 'int' to 'GLfloat', possible loss of data
E:\LEAP2021_Bahamut\TrainingFramework\src\GameStates\GSVictory.cpp(135,43): warning C4244: 'argument': conversion from 'int' to 'GLfloat', possible loss of data
C:\Program Files (x86)\Microsoft Visual Studio\2019\Community\VC\Tools\MSVC\14.28.29333\include\xmemory(230,33): warning C4244: 'argument': conversion from '_Ty' to 'float', possible loss of data
          with
          [
              _Ty=double
          ]
C:\Program Files (x86)\Microsoft Visual Studio\2019\Community\VC\Tools\MSVC\14.28.29333\include\memory(1564): message : see reference to function template instantiation 'void std::_Construct_in_place<_Ty,std::shared_ptr<Shaders>&,std::shared_ptr<Font>&,const char(&)[9],TEXT_COLOR,double>(_Ty &,std::shared_ptr<Shaders> &,std::shared_ptr<Font> &,const char (&)[9],TEXT_COLOR &&,double &&) noexcept(false)' being compiled
          with
          [
              _Ty=Text
          ]
C:\Program Files (x86)\Microsoft Visual Studio\2019\Community\VC\Tools\MSVC\14.28.29333\include\memory(2208): message : see reference to function template instantiation 'std::_Ref_count_obj2<_Ty>::_Ref_count_obj2<std::shared_ptr<Shaders>&,std::shared_ptr<Font>&,const char(&)[9],TEXT_COLOR,double>(std::shared_ptr<Shaders> &,std::shared_ptr<Font> &,const char (&)[9],TEXT_COLOR &&,double &&)' being compiled
          with
          [
              _Ty=Text
          ]
C:\Program Files (x86)\Microsoft Visual Studio\2019\Community\VC\Tools\MSVC\14.28.29333\include\memory(2208): message : see reference to function template instantiation 'std::_Ref_count_obj2<_Ty>::_Ref_count_obj2<std::shared_ptr<Shaders>&,std::shared_ptr<Font>&,const char(&)[9],TEXT_COLOR,double>(std::shared_ptr<Shaders> &,std::shared_ptr<Font> &,const char (&)[9],TEXT_COLOR &&,double &&)' being compiled
          with
          [
              _Ty=Text
          ]
E:\LEAP2021_Bahamut\TrainingFramework\src\GameStates\GSVictory.cpp(64): message : see reference to function template instantiation 'std::shared_ptr<Text> std::make_shared<Text,std::shared_ptr<Shaders>&,std::shared_ptr<Font>&,const char(&)[9],TEXT_COLOR,double>(std::shared_ptr<Shaders> &,std::shared_ptr<Font> &,const char (&)[9],TEXT_COLOR &&,double &&)' being compiled
  GameStateMachine.cpp
  GameStatebase.cpp
  TrainingFramework.cpp
LINK : warning LNK4098: defaultlib 'LIBCMT' conflicts with use of other libs; use /NODEFAULTLIB:library
LINK : warning LNK4098: defaultlib 'MSVCRTD' conflicts with use of other libs; use /NODEFAULTLIB:library
  Generating code
  0 of 2107 functions ( 0.0%) were compiled, the rest were copied from previous compilation.
    0 functions were new in current compilation
    0 functions had inline decision re-evaluated but remain unchanged
  Finished generating code
  TrainingFramework.vcxproj -> E:\LEAP2021_Bahamut\Release-Nvidia\Bahamut.exe
